<component name="libraryTable">
  <library name="JUnit">
    <CLASSES>
      <root url="jar://$USER_HOME$/Libraries/Java/hamcrest-core-1.3.jar!/" />
      <root url="jar://$USER_HOME$/Libraries/Java/junit-4.12.jar!/" />
    </CLASSES>
    <JAVADOC />
    <SOURCES />
  </library>
</component>